Using pre-set license
Built from '2020.3/release' branch; Version is '2020.3.31f1 (6b54b7616050) revision 7034039'; Using compiler version '192528614'; Build Type 'Release'
OS: 'Windows 10  (10.0.19044) 64bit Professional' Language: 'en' Physical Memory: 16305 MB
BatchMode: 1, IsHumanControllingUs: 0, StartBugReporterOnCrash: 0, Is64bit: 1, IsPro: 0

COMMAND LINE ARGUMENTS:
C:\Program Files\Unity\Hub\Editor\2020.3.31f1\Editor\Unity.exe
-adb2
-batchMode
-noUpm
-name
AssetImportWorker0
-projectPath
C:/Unity Projects/Afeka Course - Video Games Development in Unity/Final Project - 2020.3.30f1/FPS
-logFile
Logs/AssetImportWorker0.log
-srvPort
62906
Successfully changed project path to: C:/Unity Projects/Afeka Course - Video Games Development in Unity/Final Project - 2020.3.30f1/FPS
C:/Unity Projects/Afeka Course - Video Games Development in Unity/Final Project - 2020.3.30f1/FPS
Using Asset Import Pipeline V2.
Refreshing native plugins compatible for Editor in 59.87 ms, found 2 plugins.
Preloading 0 native plugins for Editor in 0.00 ms.
Initialize engine version: 2020.3.31f1 (6b54b7616050)
[Subsystems] Discovering subsystems at path C:/Program Files/Unity/Hub/Editor/2020.3.31f1/Editor/Data/Resources/UnitySubsystems
[Subsystems] Discovering subsystems at path C:/Unity Projects/Afeka Course - Video Games Development in Unity/Final Project - 2020.3.30f1/FPS/Assets
GfxDevice: creating device client; threaded=0
Direct3D:
    Version:  Direct3D 11.0 [level 11.1]
    Renderer: NVIDIA GeForce RTX 3060 Ti (ID=0x2486)
    Vendor:   
    VRAM:     8050 MB
    Driver:   30.0.15.1215
Initialize mono
Mono path[0] = 'C:/Program Files/Unity/Hub/Editor/2020.3.31f1/Editor/Data/Managed'
Mono path[1] = 'C:/Program Files/Unity/Hub/Editor/2020.3.31f1/Editor/Data/MonoBleedingEdge/lib/mono/unityjit'
Mono config path = 'C:/Program Files/Unity/Hub/Editor/2020.3.31f1/Editor/Data/MonoBleedingEdge/etc'
Using monoOptions --debugger-agent=transport=dt_socket,embedding=1,server=y,suspend=n,address=127.0.0.1:56628
Begin MonoManager ReloadAssembly
Registering precompiled unity dll's ...
Register platform support module: C:/Program Files/Unity/Hub/Editor/2020.3.31f1/Editor/Data/PlaybackEngines/WebGLSupport/UnityEditor.WebGL.Extensions.dll
Register platform support module: C:/Program Files/Unity/Hub/Editor/2020.3.31f1/Editor/Data/PlaybackEngines/MacStandaloneSupport/UnityEditor.OSXStandalone.Extensions.dll
Register platform support module: C:/Program Files/Unity/Hub/Editor/2020.3.31f1/Editor/Data/PlaybackEngines/WindowsStandaloneSupport/UnityEditor.WindowsStandalone.Extensions.dll
Register platform support module: C:/Program Files/Unity/Hub/Editor/2020.3.31f1/Editor/Data/PlaybackEngines/LuminSupport/UnityEditor.Lumin.Extensions.dll
Registered in 0.003219 seconds.
Native extension for Lumin target not found
Native extension for WindowsStandalone target not found
Native extension for OSXStandalone target not found
Native extension for WebGL target not found
Refreshing native plugins compatible for Editor in 58.12 ms, found 2 plugins.
Preloading 0 native plugins for Editor in 0.00 ms.
Mono: successfully reloaded assembly
- Completed reload, in  0.499 seconds
Domain Reload Profiling:
	ReloadAssembly (499ms)
		BeginReloadAssembly (59ms)
			ExecutionOrderSort (0ms)
			DisableScriptedObjects (0ms)
			BackupInstance (0ms)
			ReleaseScriptingObjects (0ms)
			CreateAndSetChildDomain (1ms)
		EndReloadAssembly (382ms)
			LoadAssemblies (58ms)
			RebuildTransferFunctionScriptingTraits (0ms)
			SetupTypeCache (116ms)
			ReleaseScriptCaches (0ms)
			RebuildScriptCaches (22ms)
			SetupLoadedEditorAssemblies (159ms)
				LogAssemblyErrors (0ms)
				InitializePlatformSupportModulesInManaged (5ms)
				SetLoadedEditorAssemblies (0ms)
				RefreshPlugins (58ms)
				BeforeProcessingInitializeOnLoad (12ms)
				ProcessInitializeOnLoadAttributes (59ms)
				ProcessInitializeOnLoadMethodAttributes (24ms)
				AfterProcessingInitializeOnLoad (0ms)
				EditorAssembliesLoaded (0ms)
			ExecutionOrderSort2 (0ms)
			AwakeInstancesAfterBackupRestoration (0ms)
Platform modules already initialized, skipping
Registering precompiled user dll's ...
Registered in 0.003781 seconds.
Begin MonoManager ReloadAssembly
Native extension for Lumin target not found
Native extension for WindowsStandalone target not found
Native extension for OSXStandalone target not found
Native extension for WebGL target not found
Refreshing native plugins compatible for Editor in 57.44 ms, found 2 plugins.
Preloading 0 native plugins for Editor in 0.00 ms.
Mono: successfully reloaded assembly
- Completed reload, in  0.977 seconds
Domain Reload Profiling:
	ReloadAssembly (978ms)
		BeginReloadAssembly (125ms)
			ExecutionOrderSort (0ms)
			DisableScriptedObjects (3ms)
			BackupInstance (0ms)
			ReleaseScriptingObjects (0ms)
			CreateAndSetChildDomain (14ms)
		EndReloadAssembly (802ms)
			LoadAssemblies (91ms)
			RebuildTransferFunctionScriptingTraits (0ms)
			SetupTypeCache (245ms)
			ReleaseScriptCaches (0ms)
			RebuildScriptCaches (43ms)
			SetupLoadedEditorAssemblies (344ms)
				LogAssemblyErrors (0ms)
				InitializePlatformSupportModulesInManaged (5ms)
				SetLoadedEditorAssemblies (0ms)
				RefreshPlugins (58ms)
				BeforeProcessingInitializeOnLoad (71ms)
				ProcessInitializeOnLoadAttributes (194ms)
				ProcessInitializeOnLoadMethodAttributes (10ms)
				AfterProcessingInitializeOnLoad (6ms)
				EditorAssembliesLoaded (0ms)
			ExecutionOrderSort2 (0ms)
			AwakeInstancesAfterBackupRestoration (5ms)
Platform modules already initialized, skipping
========================================================================
Worker process is ready to serve import requests
Launched and connected shader compiler UnityShaderCompiler.exe after 0.05 seconds
Refreshing native plugins compatible for Editor in 0.73 ms, found 2 plugins.
Preloading 0 native plugins for Editor in 0.00 ms.
Unloading 2825 Unused Serialized files (Serialized files now loaded: 0)
System memory in use before: 230.3 MB.
System memory in use after: 229.8 MB.

Unloading 27 unused Assets to reduce memory usage. Loaded Objects now: 3314.
Total: 3.087700 ms (FindLiveObjects: 0.223800 ms CreateObjectMapping: 0.157200 ms MarkObjects: 2.427400 ms  DeleteObjects: 0.278500 ms)

AssetImportParameters requested are different than current active one (requested -> active):
  custom:framework-win-MediaFoundation: 216162199b28c13a410421893ffa2e32 -> 
  custom:video-decoder-ogg-theora: a1e56fd34408186e4bbccfd4996cb3dc -> 
  custom:container-muxer-webm: aa71ff27fc2769a1b78a27578f13a17b -> 
  custom:container-demuxer-webm: 4f35f7cbe854078d1ac9338744f61a02 -> 
  custom:container-demuxer-ogg: 62fdf1f143b41e24485cea50d1cbac27 -> 
  custom:video-encoder-webm-vp8: eb34c28f22e8b96e1ab97ce403110664 -> 
  custom:video-decoder-webm-vp8: 9c59270c3fd7afecdb556c50c9e8de78 -> 
  custom:audio-decoder-ogg-vorbis: bf7c407c2cedff20999df2af8eb42d56 -> 
  custom:audio-encoder-webm-vorbis: bf7c407c2cedff20999df2af8eb42d56 -> 
========================================================================
Received Import Request.
  path: Assets/FPSProject/Scripts/Gameplay/Objectives/ObjectivePickupWeapon.cs
  artifactKey: Guid(60fac7095a485954f8a9d997bdc1f35a) Importer(815301076,1909f56bfc062723c751e8b465ee728b)
Start importing Assets/FPSProject/Scripts/Gameplay/Objectives/ObjectivePickupWeapon.cs using Guid(60fac7095a485954f8a9d997bdc1f35a) Importer(815301076,1909f56bfc062723c751e8b465ee728b)  -> (artifact id: '72cefecb657f1ccd2369ddbf365cd938') in 0.023060 seconds 
========================================================================
Received Import Request.
  Time since last request: 0.000369 seconds.
  path: Assets/FPSProject/Scripts/Gameplay/Objectives/ObjectiveKillEnemies.cs
  artifactKey: Guid(a3cff9918d8018a44989bf444e3232f3) Importer(815301076,1909f56bfc062723c751e8b465ee728b)
Start importing Assets/FPSProject/Scripts/Gameplay/Objectives/ObjectiveKillEnemies.cs using Guid(a3cff9918d8018a44989bf444e3232f3) Importer(815301076,1909f56bfc062723c751e8b465ee728b)  -> (artifact id: 'a6c11dbca1901cc33d132b13d8b1cb75') in 0.003725 seconds 
========================================================================
Received Import Request.
  Time since last request: 0.000175 seconds.
  path: Assets/FPSProject/Scripts/Gameplay/Objectives/ObjectivePickupGrenade.cs
  artifactKey: Guid(33498356859fc2040b30fc2e60beac7f) Importer(815301076,1909f56bfc062723c751e8b465ee728b)
Start importing Assets/FPSProject/Scripts/Gameplay/Objectives/ObjectivePickupGrenade.cs using Guid(33498356859fc2040b30fc2e60beac7f) Importer(815301076,1909f56bfc062723c751e8b465ee728b)  -> (artifact id: '191fa1d9621ab5ceca69dc466475b567') in 0.003864 seconds 
========================================================================
Received Import Request.
  Time since last request: 9.712388 seconds.
  path: Assets/FPSProject/Scripts/FPSController/FPSPlayerController.cs
  artifactKey: Guid(830ec1e5ea7bb4527997ff730c330a94) Importer(815301076,1909f56bfc062723c751e8b465ee728b)
Start importing Assets/FPSProject/Scripts/FPSController/FPSPlayerController.cs using Guid(830ec1e5ea7bb4527997ff730c330a94) Importer(815301076,1909f56bfc062723c751e8b465ee728b)  -> (artifact id: 'f93eb118d00c4889894a61c364783d26') in 0.003671 seconds 
========================================================================
Received Import Request.
  Time since last request: 1.791575 seconds.
  path: Assets/FPSProject/Scripts/FPSController/Grenade.cs
  artifactKey: Guid(5f5690983d67f464fa47758e70c4affb) Importer(815301076,1909f56bfc062723c751e8b465ee728b)
Start importing Assets/FPSProject/Scripts/FPSController/Grenade.cs using Guid(5f5690983d67f464fa47758e70c4affb) Importer(815301076,1909f56bfc062723c751e8b465ee728b)  -> (artifact id: '6709c492ead53e21c9a2a1b370ec9775') in 0.003385 seconds 
========================================================================
Received Import Request.
  Time since last request: 0.623736 seconds.
  path: Assets/FPSProject/Scripts/FPSController/GrenadeThrower.cs
  artifactKey: Guid(bc0e194c94eaff643ad389c1f85800af) Importer(815301076,1909f56bfc062723c751e8b465ee728b)
Start importing Assets/FPSProject/Scripts/FPSController/GrenadeThrower.cs using Guid(bc0e194c94eaff643ad389c1f85800af) Importer(815301076,1909f56bfc062723c751e8b465ee728b)  -> (artifact id: '1a0c5267d2732bcb8de34fcc780bcc80') in 0.003677 seconds 
========================================================================
Received Import Request.
  Time since last request: 1.708646 seconds.
  path: Assets/FPSProject/Scripts/FPSController/WeaponCollection.cs
  artifactKey: Guid(b0bf17cc4d4a5443cb6e86cda9c48f47) Importer(815301076,1909f56bfc062723c751e8b465ee728b)
Start importing Assets/FPSProject/Scripts/FPSController/WeaponCollection.cs using Guid(b0bf17cc4d4a5443cb6e86cda9c48f47) Importer(815301076,1909f56bfc062723c751e8b465ee728b)  -> (artifact id: 'b3a649dfd7d876326f079f185d41f823') in 0.003661 seconds 
========================================================================
Received Import Request.
  Time since last request: 4.011992 seconds.
  path: Assets/FPSProject/Scripts/FPSController/WeaponSpace.cs
  artifactKey: Guid(004913755978e4906966f0dd979435f3) Importer(815301076,1909f56bfc062723c751e8b465ee728b)
Start importing Assets/FPSProject/Scripts/FPSController/WeaponSpace.cs using Guid(004913755978e4906966f0dd979435f3) Importer(815301076,1909f56bfc062723c751e8b465ee728b)  -> (artifact id: '9bbf4957333c37d81def2503adb1ce1b') in 0.004461 seconds 
========================================================================
Received Import Request.
  Time since last request: 4.513587 seconds.
  path: Assets/FPSProject/Scripts/FPSController/WeaponFiles.cs
  artifactKey: Guid(a76abcbe192be4bc1b79e3f1921adf7b) Importer(815301076,1909f56bfc062723c751e8b465ee728b)
Start importing Assets/FPSProject/Scripts/FPSController/WeaponFiles.cs using Guid(a76abcbe192be4bc1b79e3f1921adf7b) Importer(815301076,1909f56bfc062723c751e8b465ee728b)  -> (artifact id: 'e4e3f58c8c542010393b39354723ef59') in 0.003463 seconds 
========================================================================
Received Import Request.
  Time since last request: 96.185748 seconds.
  path: Assets/FPSProject/Scripts/FPSController/Editor/CollectableObjectEditor.cs
  artifactKey: Guid(8be806943643b47b6b5eb64a311d1564) Importer(815301076,1909f56bfc062723c751e8b465ee728b)
Start importing Assets/FPSProject/Scripts/FPSController/Editor/CollectableObjectEditor.cs using Guid(8be806943643b47b6b5eb64a311d1564) Importer(815301076,1909f56bfc062723c751e8b465ee728b)  -> (artifact id: '922184e813c49cca01640744ed54dcb3') in 0.004330 seconds 
========================================================================
Received Import Request.
  Time since last request: 130.904752 seconds.
  path: Assets/FPSProject/Scripts/FPSController/Editor/WeaponCollectionEditor.cs
  artifactKey: Guid(05770f8093f1f45cc9f3d494cce021d5) Importer(815301076,1909f56bfc062723c751e8b465ee728b)
Start importing Assets/FPSProject/Scripts/FPSController/Editor/WeaponCollectionEditor.cs using Guid(05770f8093f1f45cc9f3d494cce021d5) Importer(815301076,1909f56bfc062723c751e8b465ee728b)  -> (artifact id: '617d9c7f8c9ddcf794744e922a5c5157') in 0.003662 seconds 
========================================================================
Received Import Request.
  Time since last request: 1.616297 seconds.
  path: Assets/FPSProject/Scripts/FPSController/Editor/WeaponEditor.cs
  artifactKey: Guid(8995febdf7f2840fe8959bf547e78454) Importer(815301076,1909f56bfc062723c751e8b465ee728b)
Start importing Assets/FPSProject/Scripts/FPSController/Editor/WeaponEditor.cs using Guid(8995febdf7f2840fe8959bf547e78454) Importer(815301076,1909f56bfc062723c751e8b465ee728b)  -> (artifact id: '701315d68b6035272eb79da0ca470bc1') in 0.003659 seconds 
AssetImportWorkerClient::OnTransportError - code=2 error=End of file
